#
#
#
#
#
#    Don't try viewing this report without a plog-converter utility!!!
#
#    plog-converter -a GA:1,2 -t tasklist -o report.tasks /path/to/this/file.log
#
#    A link to the documentation: https://www.viva64.com/en/m/0036/
#
#
#
#
#
d99cf3ba-6fcd-43f9-9260-1179fa3a9bed
r-vUVbw<6y|D3 h22y|D3[Vy|D3(L8Pu(282(Fu=so8k(?@F(?{(2U9SVwG(9U>s}'y|D3uaa8ay|D3r[[Sy|D3$>c8__ckau'-=uc'8PkUa-=8>%cOU=uw3'2-u>o}-_cmmc'2-u>o1F}c1oN=cka89U92fc9uoouaco8ch=ucUc'8PkUa-=8>c]-oLc_u ->u_ckau'-=-8>%c U9=;$cwcO^cyc<k=-28>}y|D3 U2=uy|D3*y|D3cccccccccccc]L-2uc;OU=u^cdy|D3cccccccccccccccc- c;OU=uw3'2-u>o}-_cmmc'2-u>o1F^y|D3ccccccccccccccccccccauoha>cZOU=uw3'2-u>ony|D3y|D3{4<wVXJ
r-vUVbw<6y|D3 h22y|D3Gby|D3(L8Pu(282(Fu=so8k(?@F(?{(2U9SVwG(9U>s}'y|D3uaa8ay|D3r[JJy|D3,LuaucP-jLoc9uc_uau uau>'->jc8 cUck8ou>o-U2c>h22ck8->ouacN'2N}y|D3 U2=uy|D3*y|D3cccccccc'2cmcKOU>sK ->_K'2-u>o;OU=uEc'2-u>o1F^ny|D3cccccccc'2w3=hPctmc=hPny|D3ccccBy|D3y|D3{4<wViS
r-vUVbw<6y|D3 h22y|D3x**y|D3(L8Pu(282(Fu=so8k(?@F(?{(2U9SVwG(9U>s}'y|D3uaa8ay|D3r[G[y|D3,Luc>h22ck8->ouac-=ckU==u_c->o8cN auuNc h>'o-8>}c1>=ku'ocoLuc -a=ocUajhPu>o}y|D3 U2=uy|D3xy|D3ccccccccBy|D3cccccccc auu;o8K_u2uou^ny|D3ccccBy|D3y|D3{4<wVJX
r-vUVbw<6y|D3 h22y|D3Xxy|D3(L8Pu(282(Fu=so8k(?@F(?{(2U9SVwG(=uavua}'y|D3uaa8ay|D3r[GVy|D31>'8aau'oc 8aPUo}c{8>=-_uac'Lu's->jcoLuc=u'8>_cU'ohU2cUajhPu>oc8 coLucNka->o Nc h>'o-8>}c,LucU'ohU2cUajhPu>oc-=c8 coLuc_8h92ucofkuEc9hocU>cUajhPu>oc8 coLuc28>jc_8h92ucofkuc-=cau~h-au_}y|D3 U2=uy|D3*y|D3cccccccccccc'U=ucx%cdy|D3ccccccccccccccccka->o ;R\hocP8>ufc->o8coLucU''8h>oc-_%cY2 )>REc_UoU}'2-u>o^ny|D3ccccccccccccccccOU>sKkhoKP8>uf;_UoU}'2-u>oEc_UoU}=hPEc'2-u>oOU=u^ny|D3y|D3{4<wVJX
r-vUVbw<6y|D3 h22y|D3iSy|D3(L8Pu(282(Fu=so8k(?@F(?{(2U9SVwG(=uavua}'y|D3uaa8ay|D3r[GVy|D31>'8aau'oc 8aPUo}c{8>=-_uac'Lu's->jcoLuc=u'8>_cU'ohU2cUajhPu>oc8 coLucNka->o Nc h>'o-8>}c,LucU'ohU2cUajhPu>oc-=c8 coLuc_8h92ucofkuEc9hocU>cUajhPu>oc8 coLuc28>jc_8h92ucofkuc-=cau~h-au_}y|D3 U2=uy|D3*y|D3cccccccccccc'U=ucJ%cdy|D3ccccccccccccccccka->o ;RHuocP8>ufc a8PcoLucU''8h>oc-_%cY2 )>REc_UoU}'2-u>o^ny|D3y|D3y|D3{4<wVJX
r-vUVbw<6y|D3 h22y|D3xxSy|D3(L8Pu(282(Fu=so8k(?@F(?{(2U9SVwG(=uavua}'y|D3uaa8ay|D3r[GVy|D31>'8aau'oc 8aPUo}c{8>=-_uac'Lu's->jcoLuc=u'8>_cU'ohU2cUajhPu>oc8 coLucNka->o Nc h>'o-8>}c,LucU'ohU2cUajhPu>oc-=c8 coLuc_8h92ucofkuEc9hocU>cUajhPu>oc8 coLuc28>jc_8h92ucofkuc-=cau~h-au_}y|D3 U2=uy|D3*y|D3cccccccccccc'U=uc*%cdy|D3ccccccccccccccccka->o ;R.u>_cP8>ufc a8PcU''8h>oc-_%cY2 co8cU''8h>oc-_%cY2 )>REc_UoU}'2-u>oEc_UoU}au'u-vua{2-u>o^ny|D3cccccccccccccccc'8_ucmcOU>sK=u>_KP8>uf;_UoU}'2-u>oEc_UoU}au'u-vua{2-u>oEc_UoU}=hPEc'2-u>oOU=u^ny|D3y|D3{4<wVJX
r-vUVbw<6y|D3 h22y|D3xxSy|D3(L8Pu(282(Fu=so8k(?@F(?{(2U9SVwG(=uavua}'y|D3uaa8ay|D3r[GVy|D31>'8aau'oc 8aPUo}c{8>=-_uac'Lu's->jcoLucoL-a_cU'ohU2cUajhPu>oc8 coLucNka->o Nc h>'o-8>}c,LucU'ohU2cUajhPu>oc-=c8 coLuc_8h92ucofkuEc9hocU>cUajhPu>oc8 coLuc28>jc_8h92ucofkuc-=cau~h-au_}y|D3 U2=uy|D3*y|D3cccccccccccc'U=uc*%cdy|D3ccccccccccccccccka->o ;R.u>_cP8>ufc a8PcU''8h>oc-_%cY2 co8cU''8h>oc-_%cY2 )>REc_UoU}'2-u>oEc_UoU}au'u-vua{2-u>o^ny|D3cccccccccccccccc'8_ucmcOU>sK=u>_KP8>uf;_UoU}'2-u>oEc_UoU}au'u-vua{2-u>oEc_UoU}=hPEc'2-u>oOU=u^ny|D3y|D3{4<wVJX
r-vUVbw<6y|D3 h22y|D3xJby|D3(L8Pu(282(Fu=so8k(?@F(?{(2U9SVwG(=uavua}'y|D3uaa8ay|D3rVxby|D3\8ou>o-U22fch>->-o-U2-:u_c9h  uacN-> 8Nch=u_}c{8>=-_uac'Lu's->jcoLuc -a=ocU'ohU2cUajhPu>oc8 coLucN=oa2u>Nc h>'o-8>}y|D3 U2=uy|D3Jy|D3y|D3cccccccccccccccc.u>_KP=j;_UoUEcPu==UjuEc-> 8Ec=uavua^ny|D3cccccccccccccccc9auUsny|D3y|D3{4<wb[G
r-vUVbw<6y|D3 h22y|D3xJiy|D3(L8Pu(282(Fu=so8k(?@F(?{(2U9SVwG(=uavua}'y|D3uaa8ay|D3r[GVy|D31>'8aau'oc 8aPUo}c{8>=-_uac'Lu's->jcoLuc=u'8>_cU'ohU2cUajhPu>oc8 coLucNka->o Nc h>'o-8>}c,LucU'ohU2cUajhPu>oc-=c8 coLuc_8h92ucofkuEc9hocU>cUajhPu>oc8 coLuc28>jc_8h92ucofkuc-=cau~h-au_}y|D3 U2=uy|D3*y|D3cccccccccccc'U=ucb%cdy|D3ccccccccccccccccka->o ;R{Lu'scU''8h>oc-_%cY2 )>REc_UoU}'2-u>o^ny|D3cccccccccccccccc'8_ucmcOU>sKjuoK-> 8;'2-u>oOU=uEc_UoU}'2-u>o^ny|D3y|D3{4<wVJX
