#
#
#
#
#
#    Don't try viewing this report without a plog-converter utility!!!
#
#    plog-converter -a GA:1,2 -t tasklist -o report.tasks /path/to/this/file.log
#
#    A link to the documentation: https://www.viva64.com/en/m/0036/
#
#
#
#
#
d99cf3ba-6fcd-43f9-9260-1179fa3a9bed
r-vUVbw<6y|D3 h22y|D3xJy|D3(L8Pu(282(Fu=so8k(?@F(?{(sha=Ub(jUPu}Ly|D3uaa8ay|D3rVGGy|D3{h=o8Pc_u'2UaUo-8>c8 cUc=oU>_Ua_cNh->oNcofku}c,Luc_u'2UaUo-8>c a8Pc=f=ouPcLuU_uac -2u=c=L8h2_c9uch=u_c->=ouU_}y|D3 U2=uy|D3Jy|D3y|D3ofku_u ch->oXKoch->ony|D3|_u ->uc4C?QHK,gCQcwxy|D3y|D3
r-vUVbw<6y|D3 h22y|D3*Gy|D3(L8Pu(282(Fu=so8k(?@F(?{(sha=Ub(jUPu}'y|D3uaa8ay|D3r[JJy|D3,LuaucP-jLoc9uc_uau uau>'->jc8 cUck8ou>o-U2c>h22ck8->ouacNau=N}c{Lu'sc2->u=%c*GEc*[}y|D3 U2=uy|D3Jy|D3cccc 8ac;h->oc-cmcSnc-cyc=-:unctt-^cdy|D3ccccccccau=!-"cmc;'u22Ko+^PU228';=-:u8 ;'u22Ko^c+c=-:u^ny|D3cccccccc 8ac;h->oc5cmcSnc5cyc=-:unctt5^cdy|D3*GE*[y|D3{4<wViS
r-vUVbw<6y|D3 h22y|D3*iy|D3(L8Pu(282(Fu=so8k(?@F(?{(sha=Ub(jUPu}'y|D3uaa8ay|D3r[JJy|D3,LuaucP-jLoc9uc_uau uau>'->jc8 cUck8ou>o-U2c>h22ck8->ouacNau=!-"N}c{Lu'sc2->u=%c*iEc*G}y|D3 U2=uy|D3Jy|D3cccccccc 8ac;h->oc5cmcSnc5cyc=-:unctt5^cdy|D3ccccccccccccau=!-"!5"}ofkucmc>8oL->jny|D3cccccccccccc 8ac;h->oc2cmcSnc2cycbnctt2^y|D3*iE*Gy|D3{4<wViS
r-vUVbw<6y|D3 h22y|D3xxXy|D3(L8Pu(282(Fu=so8k(?@F(?{(sha=Ub(=uavua}'y|D3uaa8ay|D3r[JJy|D3,LuaucP-jLoc9uc_uau uau>'->jc8 cUck8ou>o-U2c>h22ck8->ouacNoLauU_=N}c{Lu'sc2->u=%cxxXEcxxV}y|D3 U2=uy|D3Jy|D3cccc 8ac;->oc-cmcSnc-cycjUPuK=-:unctt-^y|D3ccccccccoLauU_=!-"cmcSny|D3cccc 8ac;->oc-cmcSnc-cycjUPuK=-:unctt-^y|D3xxXExxVy|D3{4<wViS
r-vUVbw<6y|D3 h22y|D3xJSy|D3(L8Pu(282(Fu=so8k(?@F(?{(sha=Ub(=uavua}'y|D3uaa8ay|D3r[JJy|D3,LuaucP-jLoc9uc_uau uau>'->jc8 cUck8ou>o-U2c>h22ck8->ouacNjUPu=N}c{Lu'sc2->u=%cxJSEcxx[}y|D3 U2=uy|D3Jy|D3cccc 8ac;->oc-cmcSnc-cycjUPuK=-:unctt-^y|D3cccccccc->-oKjUPu;jUPu=!-"^ny|D3y|D3xJSExx[y|D3{4<wViS
